<?xml version="1.0" encoding="UTF-8"?>
<!-- Generated by org.testng.reporters.JUnitXMLReporter -->
<testsuite hostname="PC235407" name="MyAdminSmokeOne" tests="1" failures="1" timestamp="23 Nov 2017 07:39:06 GMT" time="71.28" errors="0">
  <testcase name="pushrate" time="70.957" classname="automationFramework.Accomodation_Filterrates_Inactivaterate">
    <failure type="java.lang.AssertionError" message="expected [true] but found [false]">
      <![CDATA[java.lang.AssertionError: expected [true] but found [false]
	at automationFramework.Accomodation_Filterrates_Inactivaterate.pushrate(Accomodation_Filterrates_Inactivaterate.java:172)
... Removed 28 stack frames]]>
    </failure>
  </testcase> <!-- pushrate -->
</testsuite> <!-- MyAdminSmokeOne -->
