<?xml version="1.0" encoding="UTF-8"?>
<!-- Generated by org.testng.reporters.JUnitXMLReporter -->
<testsuite hostname="PC235407" name="MyAdminSmokeOne" tests="1" failures="1" timestamp="22 Nov 2017 07:30:26 GMT" time="2.357" errors="0">
  <testcase name="pushrate" time="2.308" classname="automationFramework.Accomodation_Filterrates_Inactivaterate">
    <failure type="java.lang.NoClassDefFoundError" message="org/apache/http/auth/Credentials">
      <![CDATA[java.lang.NoClassDefFoundError: org/apache/http/auth/Credentials
	at org.openqa.selenium.remote.HttpCommandExecutor.getDefaultClientFactory(HttpCommandExecutor.java:96)
	at org.openqa.selenium.remote.HttpCommandExecutor.<init>(HttpCommandExecutor.java:70)
	at org.openqa.selenium.remote.HttpCommandExecutor.<init>(HttpCommandExecutor.java:58)
	at org.openqa.selenium.firefox.internal.NewProfileExtensionConnection.start(NewProfileExtensionConnection.java:87)
	at org.openqa.selenium.firefox.FirefoxDriver.startClient(FirefoxDriver.java:271)
	at org.openqa.selenium.remote.RemoteWebDriver.<init>(RemoteWebDriver.java:119)
	at org.openqa.selenium.firefox.FirefoxDriver.<init>(FirefoxDriver.java:218)
	at org.openqa.selenium.firefox.FirefoxDriver.<init>(FirefoxDriver.java:211)
	at org.openqa.selenium.firefox.FirefoxDriver.<init>(FirefoxDriver.java:207)
	at org.openqa.selenium.firefox.FirefoxDriver.<init>(FirefoxDriver.java:120)
	at lib.DriverAndObjectDetails.CreateDriver(DriverAndObjectDetails.java:62)
	at automationFramework.Accomodation_Filterrates_Inactivaterate.pushrate(Accomodation_Filterrates_Inactivaterate.java:66)
Caused by: java.lang.ClassNotFoundException: org.apache.http.auth.Credentials
	at java.net.URLClassLoader.findClass(URLClassLoader.java:381)
	at java.lang.ClassLoader.loadClass(ClassLoader.java:424)
	at sun.misc.Launcher$AppClassLoader.loadClass(Launcher.java:331)
	at java.lang.ClassLoader.loadClass(ClassLoader.java:357)
	... 36 more
... Removed 24 stack frames]]>
    </failure>
  </testcase> <!-- pushrate -->
</testsuite> <!-- MyAdminSmokeOne -->
