<?xml version="1.0" encoding="UTF-8"?>
<testng-results skipped="0" failed="0" total="1" passed="1">
  <reporter-output>
  </reporter-output>
  <suite name="DOTWsuite" duration-ms="68408" started-at="2017-11-22T12:52:18Z" finished-at="2017-11-22T12:53:27Z">
    <groups>
    </groups>
    <test name="MyAdminSmokeOne" duration-ms="68408" started-at="2017-11-22T12:52:18Z" finished-at="2017-11-22T12:53:27Z">
      <class name="automationFramework.Accomodation_Filterrates_Inactivaterate">
        <test-method status="PASS" signature="pushrate(java.lang.String)[pri:0, instance:automationFramework.Accomodation_Filterrates_Inactivaterate@1500955a]" name="pushrate" duration-ms="68092" started-at="2017-11-22T18:22:18Z" finished-at="2017-11-22T18:23:26Z">
          <params>
            <param index="0">
              <value>
                <![CDATA[FF]]>
              </value>
            </param>
          </params>
          <reporter-output>
          </reporter-output>
        </test-method> <!-- pushrate -->
        <test-method status="PASS" signature="getResult(org.testng.ITestResult)[pri:0, instance:automationFramework.Accomodation_Filterrates_Inactivaterate@1500955a]" name="getResult" is-config="true" duration-ms="4" started-at="2017-11-22T18:23:26Z" finished-at="2017-11-22T18:23:26Z">
          <params>
            <param index="0">
              <value>
                <![CDATA[[TestResult name=pushrate status=SUCCESS method=Accomodation_Filterrates_Inactivaterate.pushrate(java.lang.String)[pri:0, instance:automationFramework.Accomodation_Filterrates_Inactivaterate@1500955a] output={null}]]]>
              </value>
            </param>
          </params>
          <reporter-output>
          </reporter-output>
        </test-method> <!-- getResult -->
        <test-method status="PASS" signature="afterTest()[pri:0, instance:automationFramework.Accomodation_Filterrates_Inactivaterate@1500955a]" name="afterTest" is-config="true" duration-ms="290" started-at="2017-11-22T18:23:26Z" finished-at="2017-11-22T18:23:27Z">
          <reporter-output>
          </reporter-output>
        </test-method> <!-- afterTest -->
      </class> <!-- automationFramework.Accomodation_Filterrates_Inactivaterate -->
    </test> <!-- MyAdminSmokeOne -->
  </suite> <!-- DOTWsuite -->
</testng-results>
